<?xml version="1.0" encoding="UTF-8"?>
<!-- Generated by org.testng.reporters.JUnitXMLReporter -->
<testsuite ignored="1" hostname="LAPTOP-BHKF9L3F" failures="0" tests="1" name="Default test" time="10.729" errors="0" timestamp="2024-04-22T16:25:42 IST">
  <testcase classname="selenium.pack.EndcodeDecodePass" name="endcode" time="10.678"/>
  <testcase classname="selenium.pack.EndcodeDecodePass" name="getEncode" time="0.0">
    <ignored/>
  </testcase> <!-- getEncode -->
</testsuite> <!-- Default test -->
