<?xml version="1.0" encoding="UTF-8"?>
<testng-results ignored="0" total="1" passed="1" failed="0" skipped="0">
  <reporter-output>
  </reporter-output>
  <suite started-at="2024-04-22T16:25:31 IST" name="Default suite" finished-at="2024-04-22T16:25:42 IST" duration-ms="10729">
    <groups>
    </groups>
    <test started-at="2024-04-22T16:25:31 IST" name="Default test" finished-at="2024-04-22T16:25:42 IST" duration-ms="10729">
      <class name="selenium.pack.EndcodeDecodePass">
        <test-method signature="endcode()[pri:0, instance:selenium.pack.EndcodeDecodePass@72e5a8e]" started-at="2024-04-22T16:25:31 IST" name="endcode" finished-at="2024-04-22T16:25:42 IST" duration-ms="10678" status="PASS">
          <reporter-output>
          </reporter-output>
        </test-method> <!-- endcode -->
      </class> <!-- selenium.pack.EndcodeDecodePass -->
    </test> <!-- Default test -->
  </suite> <!-- Default suite -->
</testng-results>
