<?xml version="1.0" encoding="UTF-8"?>
<testng-results ignored="0" total="1" passed="1" failed="0" skipped="0">
  <reporter-output>
  </reporter-output>
  <suite started-at="2024-05-17T11:07:18 IST" name="Default suite" finished-at="2024-05-17T11:07:35 IST" duration-ms="16982">
    <groups>
    </groups>
    <test started-at="2024-05-17T11:07:18 IST" name="Default test" finished-at="2024-05-17T11:07:35 IST" duration-ms="16982">
      <class name="selenium.pack.Bookingcom">
        <test-method is-config="true" signature="openBrowser()[pri:0, instance:selenium.pack.Bookingcom@7674f035]" started-at="2024-05-17T11:07:18 IST" name="openBrowser" finished-at="2024-05-17T11:07:23 IST" duration-ms="5306" status="PASS">
          <reporter-output>
          </reporter-output>
        </test-method> <!-- openBrowser -->
        <test-method signature="dynamicCalendar(java.lang.String,java.lang.String)[pri:0, instance:selenium.pack.Bookingcom@7674f035]" started-at="2024-05-17T11:07:24 IST" name="dynamicCalendar" data-provider="logindata" finished-at="2024-05-17T11:07:34 IST" duration-ms="10291" status="PASS">
          <params>
            <param index="0">
              <value>
                <![CDATA[22]]>
              </value>
            </param>
            <param index="1">
              <value>
                <![CDATA[22]]>
              </value>
            </param>
          </params>
          <reporter-output>
          </reporter-output>
        </test-method> <!-- dynamicCalendar -->
        <test-method is-config="true" signature="teardown()[pri:0, instance:selenium.pack.Bookingcom@7674f035]" started-at="2024-05-17T11:07:34 IST" name="teardown" finished-at="2024-05-17T11:07:35 IST" duration-ms="192" status="PASS">
          <reporter-output>
          </reporter-output>
        </test-method> <!-- teardown -->
      </class> <!-- selenium.pack.Bookingcom -->
    </test> <!-- Default test -->
  </suite> <!-- Default suite -->
</testng-results>
